2014-02-20 14:11:50.880 HelloWorld[97120:80b] Multi-tasking -> Device: YES, App: YES
2014-02-20 14:11:50.917 HelloWorld[97120:80b] Unlimited access to network resources
2014-02-20 14:11:50.923 HelloWorld[97120:80b] Fix applied for database locations?: YES
2014-02-20 14:11:51.493 HelloWorld[97120:80b] Resetting plugins due to page load.
2014-02-20 14:11:51.687 HelloWorld[97120:80b] Finished load of: file:///Users/Kristoffer/Library/Application%20Support/iPhone%20Simulator/7.0.3/Applications/47E55B09-81E8-4AF3-A1A5-F84B60EBC811/HelloWorld.app/www/index.html
Terminating in response to SpringBoard's termination.
2014-02-20 16:06:40.431 Clicker[98787:80b] Multi-tasking -> Device: YES, App: YES
2014-02-20 16:06:40.560 Clicker[98787:80b] Unlimited access to network resources
2014-02-20 16:06:40.567 Clicker[98787:80b] Fix applied for database locations?: YES
2014-02-20 16:06:41.096 Clicker[98787:80b] Resetting plugins due to page load.
2014-02-20 16:06:41.275 Clicker[98787:80b] Finished load of: file:///Users/Kristoffer/Library/Application%20Support/iPhone%20Simulator/7.0.3/Applications/AB396CB3-5F5C-46F7-969C-F540248964C2/Clicker.app/www/index.html
2014-02-20 23:52:16.968 Clicker[3743:80b] Multi-tasking -> Device: YES, App: YES
2014-02-20 23:52:17.013 Clicker[3743:80b] Unlimited access to network resources
2014-02-20 23:52:17.472 Clicker[3743:80b] Resetting plugins due to page load.
2014-02-20 23:52:17.621 Clicker[3743:80b] Finished load of: file:///Users/Kristoffer/Library/Application%20Support/iPhone%20Simulator/7.0.3/Applications/AB396CB3-5F5C-46F7-969C-F540248964C2/Clicker.app/www/index.html
2014-02-21 00:17:42.549 Clicker[4875:80b] Multi-tasking -> Device: YES, App: YES
2014-02-21 00:17:42.613 Clicker[4875:80b] Unlimited access to network resources
2014-02-21 00:17:43.302 Clicker[4875:80b] Resetting plugins due to page load.
2014-02-21 00:17:43.613 Clicker[4875:80b] Finished load of: file:///Users/Kristoffer/Library/Application%20Support/iPhone%20Simulator/7.0.3/Applications/AB396CB3-5F5C-46F7-969C-F540248964C2/Clicker.app/www/index.html
2014-02-21 00:26:27.716 Clicker[5890:80b] Multi-tasking -> Device: YES, App: YES
2014-02-21 00:26:27.731 Clicker[5890:80b] Unlimited access to network resources
2014-02-21 00:26:27.988 Clicker[5890:80b] Resetting plugins due to page load.
2014-02-21 00:26:28.237 Clicker[5890:80b] Finished load of: file:///Users/Kristoffer/Library/Application%20Support/iPhone%20Simulator/7.0.3/Applications/AB396CB3-5F5C-46F7-969C-F540248964C2/Clicker.app/www/index.html
2014-02-21 00:33:02.179 Clicker[6911:80b] Multi-tasking -> Device: YES, App: YES
2014-02-21 00:33:02.220 Clicker[6911:80b] Unlimited access to network resources
2014-02-21 00:33:02.985 Clicker[6911:80b] Resetting plugins due to page load.
2014-02-21 00:33:03.278 Clicker[6911:80b] Finished load of: file:///Users/Kristoffer/Library/Application%20Support/iPhone%20Simulator/7.0.3/Applications/AB396CB3-5F5C-46F7-969C-F540248964C2/Clicker.app/www/index.html
2014-02-21 00:34:12.507 Clicker[7897:80b] Multi-tasking -> Device: YES, App: YES
2014-02-21 00:34:12.524 Clicker[7897:80b] Unlimited access to network resources
2014-02-21 00:34:12.907 Clicker[7897:80b] Resetting plugins due to page load.
2014-02-21 00:34:13.134 Clicker[7897:80b] Finished load of: file:///Users/Kristoffer/Library/Application%20Support/iPhone%20Simulator/7.0.3/Applications/AB396CB3-5F5C-46F7-969C-F540248964C2/Clicker.app/www/index.html
2014-02-21 00:50:22.911 Clicker[8940:80b] Multi-tasking -> Device: YES, App: YES
2014-02-21 00:50:22.953 Clicker[8940:80b] Unlimited access to network resources
2014-02-21 00:50:23.666 Clicker[8940:80b] Resetting plugins due to page load.
2014-02-21 00:50:23.916 Clicker[8940:80b] Finished load of: file:///Users/Kristoffer/Library/Application%20Support/iPhone%20Simulator/7.0.3/Applications/AB396CB3-5F5C-46F7-969C-F540248964C2/Clicker.app/www/index.html
2014-02-21 00:51:13.768 Clicker[9915:80b] Multi-tasking -> Device: YES, App: YES
2014-02-21 00:51:13.792 Clicker[9915:80b] Unlimited access to network resources
2014-02-21 00:51:14.132 Clicker[9915:80b] Resetting plugins due to page load.
2014-02-21 00:51:14.405 Clicker[9915:80b] Finished load of: file:///Users/Kristoffer/Library/Application%20Support/iPhone%20Simulator/7.0.3/Applications/AB396CB3-5F5C-46F7-969C-F540248964C2/Clicker.app/www/index.html
2014-02-21 00:52:08.801 Clicker[10893:80b] Multi-tasking -> Device: YES, App: YES
2014-02-21 00:52:08.824 Clicker[10893:80b] Unlimited access to network resources
2014-02-21 00:52:09.170 Clicker[10893:80b] Resetting plugins due to page load.
2014-02-21 00:52:09.421 Clicker[10893:80b] Finished load of: file:///Users/Kristoffer/Library/Application%20Support/iPhone%20Simulator/7.0.3/Applications/AB396CB3-5F5C-46F7-969C-F540248964C2/Clicker.app/www/index.html
2014-02-21 00:54:04.275 Clicker[11873:80b] Multi-tasking -> Device: YES, App: YES
2014-02-21 00:54:04.287 Clicker[11873:80b] Unlimited access to network resources
2014-02-21 00:54:04.711 Clicker[11873:80b] Resetting plugins due to page load.
2014-02-21 00:54:05.165 Clicker[11873:80b] Finished load of: file:///Users/Kristoffer/Library/Application%20Support/iPhone%20Simulator/7.0.3/Applications/AB396CB3-5F5C-46F7-969C-F540248964C2/Clicker.app/www/index.html
2014-02-21 15:27:07.214 Clicker[13094:80b] Multi-tasking -> Device: YES, App: YES
2014-02-21 15:27:07.278 Clicker[13094:80b] Unlimited access to network resources
2014-02-21 15:27:07.693 Clicker[13094:80b] Resetting plugins due to page load.
2014-02-21 15:27:07.976 Clicker[13094:80b] Finished load of: file:///Users/Kristoffer/Library/Application%20Support/iPhone%20Simulator/7.0.3/Applications/AB396CB3-5F5C-46F7-969C-F540248964C2/Clicker.app/www/index.html
2014-02-21 15:28:21.986 Clicker[14049:80b] Multi-tasking -> Device: YES, App: YES
2014-02-21 15:28:22.001 Clicker[14049:80b] Unlimited access to network resources
2014-02-21 15:28:22.283 Clicker[14049:80b] Resetting plugins due to page load.
2014-02-21 15:28:22.582 Clicker[14049:80b] Finished load of: file:///Users/Kristoffer/Library/Application%20Support/iPhone%20Simulator/7.0.3/Applications/AB396CB3-5F5C-46F7-969C-F540248964C2/Clicker.app/www/index.html
2014-02-21 15:29:32.579 Clicker[15010:80b] Multi-tasking -> Device: YES, App: YES
2014-02-21 15:29:32.602 Clicker[15010:80b] Unlimited access to network resources
2014-02-21 15:29:33.022 Clicker[15010:80b] Resetting plugins due to page load.
2014-02-21 15:29:33.280 Clicker[15010:80b] Finished load of: file:///Users/Kristoffer/Library/Application%20Support/iPhone%20Simulator/7.0.3/Applications/AB396CB3-5F5C-46F7-969C-F540248964C2/Clicker.app/www/index.html#/
2014-02-21 15:30:56.371 Clicker[15969:80b] Multi-tasking -> Device: YES, App: YES
2014-02-21 15:30:56.385 Clicker[15969:80b] Unlimited access to network resources
2014-02-21 15:30:56.681 Clicker[15969:80b] Resetting plugins due to page load.
2014-02-21 15:30:56.930 Clicker[15969:80b] Finished load of: file:///Users/Kristoffer/Library/Application%20Support/iPhone%20Simulator/7.0.3/Applications/AB396CB3-5F5C-46F7-969C-F540248964C2/Clicker.app/www/index.html#/
2014-02-21 15:35:44.391 Clicker[16942:80b] Multi-tasking -> Device: YES, App: YES
2014-02-21 15:35:44.425 Clicker[16942:80b] Unlimited access to network resources
2014-02-21 15:35:44.822 Clicker[16942:80b] Resetting plugins due to page load.
2014-02-21 15:35:45.092 Clicker[16942:80b] Finished load of: file:///Users/Kristoffer/Library/Application%20Support/iPhone%20Simulator/7.0.3/Applications/AB396CB3-5F5C-46F7-969C-F540248964C2/Clicker.app/www/index.html#/
2014-02-21 15:55:09.601 Clicker[18142:80b] Multi-tasking -> Device: YES, App: YES
2014-02-21 15:55:09.700 Clicker[18142:80b] Unlimited access to network resources
2014-02-21 15:55:10.500 Clicker[18142:80b] Resetting plugins due to page load.
2014-02-21 15:55:10.777 Clicker[18142:80b] Finished load of: file:///Users/Kristoffer/Library/Application%20Support/iPhone%20Simulator/7.0.3/Applications/AB396CB3-5F5C-46F7-969C-F540248964C2/Clicker.app/www/index.html#/
2014-02-21 15:59:20.729 Clicker[19138:80b] Multi-tasking -> Device: YES, App: YES
2014-02-21 15:59:20.843 Clicker[19138:80b] Unlimited access to network resources
2014-02-21 15:59:21.562 Clicker[19138:80b] Resetting plugins due to page load.
2014-02-21 15:59:21.984 Clicker[19138:80b] Finished load of: file:///Users/Kristoffer/Library/Application%20Support/iPhone%20Simulator/7.0.3/Applications/AB396CB3-5F5C-46F7-969C-F540248964C2/Clicker.app/www/index.html#/
2014-02-21 16:04:23.907 Clicker[20137:80b] Multi-tasking -> Device: YES, App: YES
2014-02-21 16:04:23.940 Clicker[20137:80b] Unlimited access to network resources
2014-02-21 16:04:24.430 Clicker[20137:80b] Resetting plugins due to page load.
2014-02-21 16:04:24.688 Clicker[20137:80b] Finished load of: file:///Users/Kristoffer/Library/Application%20Support/iPhone%20Simulator/7.0.3/Applications/AB396CB3-5F5C-46F7-969C-F540248964C2/Clicker.app/www/index.html#/
